\BOOKMARK [1][-]{section*.1}{\376\377\000C\000o\000n\000t\000a\000c\000t\000\040\000I\000n\000f\000o\000r\000m\000a\000t\000i\000o\000n}{}% 1
\BOOKMARK [1][-]{section*.2}{\376\377\000B\000a\000c\000k\000g\000r\000o\000u\000n\000d}{}% 2
\BOOKMARK [1][-]{section*.3}{\376\377\000E\000d\000u\000c\000a\000t\000i\000o\000n}{}% 3
\BOOKMARK [1][-]{section*.4}{\376\377\000H\000o\000n\000o\000r\000s\000\040\000a\000n\000d\000\040\000A\000w\000a\000r\000d\000s}{}% 4
\BOOKMARK [1][-]{section*.5}{\376\377\000P\000r\000o\000f\000e\000s\000s\000i\000o\000n\000a\000l\000\040\000e\000x\000p\000e\000r\000i\000e\000n\000c\000e}{}% 5
\BOOKMARK [1][-]{section*.6}{\376\377\000C\000l\000i\000n\000i\000c\000a\000l\000\040\000p\000r\000a\000c\000t\000i\000c\000e}{}% 6
\BOOKMARK [1][-]{section*.7}{\376\377\000A\000f\000f\000i\000l\000i\000a\000t\000e\000d\000\040\000p\000o\000s\000i\000t\000i\000o\000n\000s}{}% 7
\BOOKMARK [1][-]{section*.8}{\376\377\000C\000a\000r\000e\000e\000r\000\040\000d\000e\000v\000e\000l\000o\000p\000m\000e\000n\000t}{}% 8
\BOOKMARK [1][-]{section*.9}{\376\377\000C\000e\000r\000t\000i\000f\000i\000c\000a\000t\000i\000o\000n\000s}{}% 9
\BOOKMARK [1][-]{section*.10}{\376\377\000L\000a\000n\000g\000u\000a\000g\000e\000s}{}% 10
\BOOKMARK [1][-]{section*.11}{\376\377\000C\000o\000m\000p\000u\000t\000a\000t\000i\000o\000n\000a\000l\000\040\000S\000k\000i\000l\000l\000s}{}% 11
\BOOKMARK [1][-]{section*.12}{\376\377\000M\000e\000m\000b\000e\000r\000s\000h\000i\000p\000s}{}% 12
\BOOKMARK [1][-]{section*.13}{\376\377\000P\000u\000b\000l\000i\000s\000h\000e\000d}{}% 13
\BOOKMARK [1][-]{section*.14}{\376\377\000P\000r\000e\000-\000p\000r\000i\000n\000t\000s}{}% 14
\BOOKMARK [1][-]{section*.15}{\376\377\000U\000n\000d\000e\000r\000\040\000r\000e\000v\000i\000e\000w}{}% 15
\BOOKMARK [1][-]{section*.16}{\376\377\000C\000o\000n\000f\000e\000r\000e\000n\000c\000e\000\040\000p\000r\000e\000s\000e\000n\000t\000a\000t\000i\000o\000n\000s\000/\000a\000b\000s\000t\000r\000a\000c\000t\000s}{}% 16
\BOOKMARK [1][-]{section*.17}{\376\377\000C\000u\000r\000r\000e\000n\000t\000\040\000r\000e\000s\000e\000a\000r\000c\000h}{}% 17
\BOOKMARK [1][-]{section*.18}{\376\377\000C\000o\000m\000p\000l\000e\000t\000e\000d\000\040\000r\000e\000s\000e\000a\000r\000c\000h}{}% 18
\BOOKMARK [1][-]{section*.19}{\376\377\000C\000o\000n\000s\000u\000l\000t\000i\000n\000g}{}% 19
\BOOKMARK [1][-]{section*.20}{\376\377\000S\000e\000r\000v\000i\000c\000e}{}% 20
\BOOKMARK [1][-]{section*.21}{\376\377\000S\000h\000o\000r\000t\000\040\000c\000o\000u\000r\000s\000e\000s\000\040\000\040\000a\000n\000d\000\040\000\040\000w\000o\000r\000k\000s\000h\000o\000p\000s}{}% 21
\BOOKMARK [1][-]{section*.22}{\376\377\000T\000e\000a\000c\000h\000i\000n\000g}{}% 22
\BOOKMARK [1][-]{section*.23}{\376\377\000P\000e\000e\000r\000\040\000r\000e\000v\000i\000e\000w\000e\000r}{}% 23
\BOOKMARK [1][-]{section*.24}{\376\377\000R\000e\000f\000e\000r\000e\000n\000c\000e\000s}{}% 24
